<?xml version="1.0" encoding="UTF-8"?>
<!-- Generated by org.testng.reporters.JUnitReportReporter -->
<testsuite hostname="LAPTOP-0FSG5U65" failures="0" tests="1" name="testCases.TC_AccountRegistration" time="2.360" errors="0" timestamp="2024-12-17T23:02:22 IST" skipped="0">
  <testcase classname="testCases.TC_AccountRegistration" name="verify_Account_Registration" time="2.360"/>
  <system-out/>
</testsuite> <!-- testCases.TC_AccountRegistration -->
