<?xml version="1.0" encoding="UTF-8"?>
<!-- Generated by org.testng.reporters.JUnitReportReporter -->
<testsuite hostname="LAPTOP-0FSG5U65" failures="0" tests="5" name="testCases.TC003_DataDvnTest" time="45.309" errors="0" timestamp="2025-01-03T10:32:54 IST" skipped="0">
  <testcase classname="testCases.TC003_DataDvnTest" name="verifyLoginDataDriven" time="10.790"/>
  <testcase classname="testCases.TC003_DataDvnTest" name="verifyLoginDataDriven" time="1.652"/>
  <testcase classname="testCases.TC003_DataDvnTest" name="verifyLoginDataDriven" time="11.014"/>
  <testcase classname="testCases.TC003_DataDvnTest" name="verifyLoginDataDriven" time="10.945"/>
  <testcase classname="testCases.TC003_DataDvnTest" name="verifyLoginDataDriven" time="10.908"/>
</testsuite> <!-- testCases.TC003_DataDvnTest -->
